xrun(64): 20.09-s001: (c) Copyright 1995-2020 Cadence Design Systems, Inc.
TOOL:	xrun(64)	20.09-s001: Started on Mar 19, 2025 at 01:15:14 +07
xrun
	-sv
	-f demux_1to32_tb.list
		../1.4_src/demux_1to32.sv
		../2.4_tb/demux_1to32_tb.sv
Recompiling... reason: file '../2.4_tb/demux_1to32_tb.sv' is newer than expected.
	expected: Wed Mar 19 01:13:59 2025
	actual:   Wed Mar 19 01:15:10 2025
file: ../2.4_tb/demux_1to32_tb.sv
	module worklib.demux_1to32_tb:sv
		errors: 0, warnings: 0
		Caching library 'worklib' ....... Done
	Elaborating the design hierarchy:
	Top level design units:
		demux_1to32_tb
xmelab: *W,DSEMEL: This SystemVerilog design will be simulated as per IEEE 1800-2009 SystemVerilog simulation semantics. Use -disable_sem2009 option for turning off SV 2009 simulation semantics.
	Building instance overlay tables: .................... Done
	Generating native compiled code:
		worklib.demux_1to32_tb:sv <0x23f62200>
			streams:   5, words:  6512
	Building instance specific data structures.
	Loading native compiled code:     .................... Done
	Design hierarchy summary:
		              Instances  Unique
		Modules:              2       2
		Registers:           10      10
		Scalar wires:         2       -
		Vectored wires:       3       -
		Always blocks:        1       1
		Initial blocks:       1       1
		Pseudo assignments:   4       4
	Writing initial simulation snapshot: worklib.demux_1to32_tb:sv
Loading snapshot worklib.demux_1to32_tb:sv .................... Done
xmsim: *W,DSEM2009: This SystemVerilog design is simulated as per IEEE 1800-2009 SystemVerilog simulation semantics. Use -disable_sem2009 option for turning off SV 2009 simulation semantics.
xcelium> source /opt/cadence/installs/XCELIUM2009/tools/xcelium/files/xmsimrc
xcelium> run
Testcase # 1 PASSED:| enable = 1| select = 00110| data = 1| expected = 00000000000000000000000001000000| got = 00000000000000000000000001000000 
Testcase # 2 PASSED:| enable = 1| select = 01110| data = 1| expected = 00000000000000000100000000000000| got = 00000000000000000100000000000000 
Testcase # 3 PASSED:| enable = 1| select = 00001| data = 1| expected = 00000000000000000000000000000010| got = 00000000000000000000000000000010 
Testcase # 4 FAILED:| enable = 1| select = 00000| data = 0| expected = 00000000000000000000000000000001| got = 00000000000000000000000000000000 
Testcase # 5 PASSED:| enable = 0| select = 01111| data = 1| expected = 00000000000000000000000000000000| got = 00000000000000000000000000000000 
Simulation complete via $finish(1) at time 50 NS + 0
../2.4_tb/demux_1to32_tb.sv:52   $finish;
xcelium> exit
TOOL:	xrun(64)	20.09-s001: Exiting on Mar 19, 2025 at 01:15:14 +07  (total: 00:00:00)
