xrun(64): 20.09-s001: (c) Copyright 1995-2020 Cadence Design Systems, Inc.
TOOL:	xrun(64)	20.09-s001: Started on Apr 05, 2025 at 10:56:49 +07
xrun
	-sv
	-f add_subtract_tb.list
		../1.src/add_subtract.sv
		../2.tb/add_subtract_tb.sv
file: ../1.src/add_subtract.sv
	module worklib.add_subtract:sv
		errors: 0, warnings: 0
file: ../2.tb/add_subtract_tb.sv
	module worklib.add_subtract_tb:sv
		errors: 0, warnings: 0
		Caching library 'worklib' ....... Done
	Elaborating the design hierarchy:
		Caching library 'worklib' ....... Done
	Top level design units:
		add_subtract_tb
xmelab: *W,DSEMEL: This SystemVerilog design will be simulated as per IEEE 1800-2009 SystemVerilog simulation semantics. Use -disable_sem2009 option for turning off SV 2009 simulation semantics.
	Building instance overlay tables: .................... Done
	Generating native compiled code:
		worklib.full_adder:sv <0x4d6fecd3>
			streams:   0, words:     0
		worklib.add_subtract_tb:sv <0x0b92634e>
			streams:   6, words:  8318
		worklib.add_subtract:sv <0x740ef0ef>
			streams:   2, words:   597
	Building instance specific data structures.
	Loading native compiled code:     .................... Done
	Design hierarchy summary:
		              Instances  Unique
		Modules:             34       3
		Registers:           11      11
		Scalar wires:        99       -
		Expanded wires:      64       2
		Vectored wires:       1       -
		Initial blocks:       1       1
		Cont. assignments:   33       4
		Pseudo assignments:   5       5
	Writing initial simulation snapshot: worklib.add_subtract_tb:sv
Loading snapshot worklib.add_subtract_tb:sv .................... Done
xmsim: *W,DSEM2009: This SystemVerilog design is simulated as per IEEE 1800-2009 SystemVerilog simulation semantics. Use -disable_sem2009 option for turning off SV 2009 simulation semantics.
xcelium> source /opt/cadence/installs/XCELIUM2009/tools/xcelium/files/xmsimrc
xcelium> run
Testcase # 1 PASSED:| a =          1| b =          1| c_in = 0| result_expected =          2| result_got =          2| cout_expected = 0| cout_got = 0
Testcase # 2 PASSED:| a =      12345| b =       6789| c_in = 0| result_expected =      19134| result_got =      19134| cout_expected = 0| cout_got = 0
Testcase # 3 PASSED:| a = 4294967295| b =          1| c_in = 0| result_expected =          0| result_got =          0| cout_expected = 1| cout_got = 1
Testcase # 4 PASSED:| a =         10| b =          9| c_in = 1| result_expected =          1| result_got =          1| cout_expected = 0| cout_got = 0
Testcase # 5 PASSED:| a =     192837| b =     987654| c_in = 1| result_expected = 4294172479| result_got = 4294172479| cout_expected = 1| cout_got = 1
Testcase # 6 PASSED:| a =          1| b =          1| c_in = 1| result_expected =          0| result_got =          0| cout_expected = 0| cout_got = 0
Testcase # 7 FAILED:| a =          1| b =          1| c_in = 1| result_expected =          0| result_got =          0| cout_expected = 1| cout_got = 0
Simulation complete via $finish(1) at time 70 NS + 0
../2.tb/add_subtract_tb.sv:66   $finish;
xcelium> exit
TOOL:	xrun(64)	20.09-s001: Exiting on Apr 05, 2025 at 10:56:49 +07  (total: 00:00:00)
