xrun(64): 20.09-s001: (c) Copyright 1995-2020 Cadence Design Systems, Inc.
TOOL:	xrun(64)	20.09-s001: Started on Mar 19, 2025 at 00:56:53 +07
xrun
	-sv
	-f demux_1to4_tb.list
		../1.3_src/demux_1to4.sv
		../2.3_tb/demux_1to4_tb.sv
Recompiling... reason: file '../2.3_tb/demux_1to4_tb.sv' is newer than expected.
	expected: Wed Mar 19 00:54:55 2025
	actual:   Wed Mar 19 00:56:50 2025
file: ../2.3_tb/demux_1to4_tb.sv
	module worklib.demux_1to4_tb:sv
		errors: 0, warnings: 0
		Caching library 'worklib' ....... Done
	Elaborating the design hierarchy:
	Top level design units:
		demux_1to4_tb
xmelab: *W,DSEMEL: This SystemVerilog design will be simulated as per IEEE 1800-2009 SystemVerilog simulation semantics. Use -disable_sem2009 option for turning off SV 2009 simulation semantics.
	Building instance overlay tables: .................... Done
	Generating native compiled code:
		worklib.demux_1to4_tb:sv <0x59d0d6c1>
			streams:   5, words:  6635
	Building instance specific data structures.
	Loading native compiled code:     .................... Done
	Design hierarchy summary:
		              Instances  Unique
		Modules:              2       2
		Registers:           10      10
		Scalar wires:         2       -
		Vectored wires:       3       -
		Always blocks:        1       1
		Initial blocks:       1       1
		Pseudo assignments:   4       4
	Writing initial simulation snapshot: worklib.demux_1to4_tb:sv
Loading snapshot worklib.demux_1to4_tb:sv .................... Done
xmsim: *W,DSEM2009: This SystemVerilog design is simulated as per IEEE 1800-2009 SystemVerilog simulation semantics. Use -disable_sem2009 option for turning off SV 2009 simulation semantics.
xcelium> source /opt/cadence/installs/XCELIUM2009/tools/xcelium/files/xmsimrc
xcelium> run
Testcase # 1 PASSED:| enable = 1| select = 00| data = 1| expected = 0001| got = 0001 
Testcase # 2 PASSED:| enable = 1| select = 10| data = 1| expected = 0100| got = 0100 
Testcase # 3 PASSED:| enable = 1| select = 01| data = 1| expected = 0010| got = 0010 
Testcase # 4 FAILED:| enable = 1| select = 00| data = 0| expected = 0001| got = 0000 
Testcase # 5 PASSED:| enable = 0| select = 11| data = 1| expected = 0000| got = 0000 
Simulation complete via $finish(1) at time 50 NS + 0
../2.3_tb/demux_1to4_tb.sv:52   $finish;
xcelium> exit
TOOL:	xrun(64)	20.09-s001: Exiting on Mar 19, 2025 at 00:56:54 +07  (total: 00:00:01)
